c:\users\simon\onedrive\desktop\coffee doom\coffeedoom\coffeedoom\debug\vc142.pdb
c:\users\simon\onedrive\desktop\coffee doom\coffeedoom\coffeedoom\debug\vc142.idb
c:\users\simon\onedrive\desktop\coffee doom\coffeedoom\coffeedoom\debug\m_argv.obj
c:\users\simon\onedrive\desktop\coffee doom\coffeedoom\coffeedoom\debug\i_main.obj
c:\users\simon\onedrive\desktop\coffee doom\coffeedoom\coffeedoom\debug\info.obj
c:\users\simon\onedrive\desktop\coffee doom\coffeedoom\coffeedoom\debug\hu_stuff.obj
c:\users\simon\onedrive\desktop\coffee doom\coffeedoom\coffeedoom\debug\hu_lib.obj
c:\users\simon\onedrive\desktop\coffee doom\coffeedoom\coffeedoom\debug\g_game.obj
c:\users\simon\onedrive\desktop\coffee doom\coffeedoom\coffeedoom\debug\f_wipe.obj
c:\users\simon\onedrive\desktop\coffee doom\coffeedoom\coffeedoom\debug\f_finale.obj
c:\users\simon\onedrive\desktop\coffee doom\coffeedoom\coffeedoom\debug\d_net.obj
c:\users\simon\onedrive\desktop\coffee doom\coffeedoom\coffeedoom\debug\d_items.obj
c:\users\simon\onedrive\desktop\coffee doom\coffeedoom\coffeedoom\debug\dstrings.obj
c:\users\simon\onedrive\desktop\coffee doom\coffeedoom\coffeedoom\debug\doomstat.obj
c:\users\simon\onedrive\desktop\coffee doom\coffeedoom\coffeedoom\debug\doomdef.obj
c:\users\simon\onedrive\desktop\coffee doom\coffeedoom\coffeedoom\debug\am_map.obj
c:\users\simon\onedrive\desktop\coffee doom\coffeedoom\coffeedoom\debug\p_sight.obj
c:\users\simon\onedrive\desktop\coffee doom\coffeedoom\coffeedoom\debug\p_saveg.obj
c:\users\simon\onedrive\desktop\coffee doom\coffeedoom\coffeedoom\debug\p_pspr.obj
c:\users\simon\onedrive\desktop\coffee doom\coffeedoom\coffeedoom\debug\p_plats.obj
c:\users\simon\onedrive\desktop\coffee doom\coffeedoom\coffeedoom\debug\p_mobj.obj
c:\users\simon\onedrive\desktop\coffee doom\coffeedoom\coffeedoom\debug\p_lights.obj
c:\users\simon\onedrive\desktop\coffee doom\coffeedoom\coffeedoom\debug\p_inter.obj
c:\users\simon\onedrive\desktop\coffee doom\coffeedoom\coffeedoom\debug\p_floor.obj
c:\users\simon\onedrive\desktop\coffee doom\coffeedoom\coffeedoom\debug\p_enemy.obj
c:\users\simon\onedrive\desktop\coffee doom\coffeedoom\coffeedoom\debug\p_doors.obj
c:\users\simon\onedrive\desktop\coffee doom\coffeedoom\coffeedoom\debug\p_ceilng.obj
c:\users\simon\onedrive\desktop\coffee doom\coffeedoom\coffeedoom\debug\m_swap.obj
c:\users\simon\onedrive\desktop\coffee doom\coffeedoom\coffeedoom\debug\m_random.obj
c:\users\simon\onedrive\desktop\coffee doom\coffeedoom\coffeedoom\debug\m_fixed.obj
c:\users\simon\onedrive\desktop\coffee doom\coffeedoom\coffeedoom\debug\m_cheat.obj
c:\users\simon\onedrive\desktop\coffee doom\coffeedoom\coffeedoom\debug\wi_stuff.obj
c:\users\simon\onedrive\desktop\coffee doom\coffeedoom\coffeedoom\debug\tables.obj
c:\users\simon\onedrive\desktop\coffee doom\coffeedoom\coffeedoom\debug\st_stuff.obj
c:\users\simon\onedrive\desktop\coffee doom\coffeedoom\coffeedoom\debug\st_lib.obj
c:\users\simon\onedrive\desktop\coffee doom\coffeedoom\coffeedoom\debug\sounds.obj
c:\users\simon\onedrive\desktop\coffee doom\coffeedoom\coffeedoom\debug\r_sky.obj
c:\users\simon\onedrive\desktop\coffee doom\coffeedoom\coffeedoom\debug\r_plane.obj
c:\users\simon\onedrive\desktop\coffee doom\coffeedoom\coffeedoom\debug\r_draw.obj
c:\users\simon\onedrive\desktop\coffee doom\coffeedoom\coffeedoom\debug\r_data.obj
c:\users\simon\onedrive\desktop\coffee doom\coffeedoom\coffeedoom\debug\p_user.obj
c:\users\simon\onedrive\desktop\coffee doom\coffeedoom\coffeedoom\debug\p_tick.obj
c:\users\simon\onedrive\desktop\coffee doom\coffeedoom\coffeedoom\debug\p_telept.obj
c:\users\simon\onedrive\desktop\coffee doom\coffeedoom\coffeedoom\debug\p_switch.obj
c:\users\simon\onedrive\desktop\coffee doom\coffeedoom\coffeedoom\debug\p_spec.obj
c:\users\simon\onedrive\desktop\coffee doom\coffeedoom\coffeedoom\debug\z_zone.obj
c:\users\simon\onedrive\desktop\coffee-doom\coffeedoom\coffeedoom\debug\vc142.pdb
c:\users\simon\onedrive\desktop\coffee-doom\coffeedoom\coffeedoom\debug\vc142.idb
c:\users\simon\onedrive\desktop\coffee-doom\coffeedoom\coffeedoom\debug\m_argv.obj
c:\users\simon\onedrive\desktop\coffee-doom\coffeedoom\coffeedoom\debug\i_main.obj
c:\users\simon\onedrive\desktop\coffee-doom\coffeedoom\coffeedoom\debug\info.obj
c:\users\simon\onedrive\desktop\coffee-doom\coffeedoom\coffeedoom\debug\hu_stuff.obj
c:\users\simon\onedrive\desktop\coffee-doom\coffeedoom\coffeedoom\debug\hu_lib.obj
c:\users\simon\onedrive\desktop\coffee-doom\coffeedoom\coffeedoom\debug\g_game.obj
c:\users\simon\onedrive\desktop\coffee-doom\coffeedoom\coffeedoom\debug\f_wipe.obj
c:\users\simon\onedrive\desktop\coffee-doom\coffeedoom\coffeedoom\debug\f_finale.obj
c:\users\simon\onedrive\desktop\coffee-doom\coffeedoom\coffeedoom\debug\d_net.obj
c:\users\simon\onedrive\desktop\coffee-doom\coffeedoom\coffeedoom\debug\d_items.obj
c:\users\simon\onedrive\desktop\coffee-doom\coffeedoom\coffeedoom\debug\dstrings.obj
c:\users\simon\onedrive\desktop\coffee-doom\coffeedoom\coffeedoom\debug\doomstat.obj
c:\users\simon\onedrive\desktop\coffee-doom\coffeedoom\coffeedoom\debug\doomdef.obj
c:\users\simon\onedrive\desktop\coffee-doom\coffeedoom\coffeedoom\debug\am_map.obj
c:\users\simon\onedrive\desktop\coffee-doom\coffeedoom\coffeedoom\debug\p_sight.obj
c:\users\simon\onedrive\desktop\coffee-doom\coffeedoom\coffeedoom\debug\p_saveg.obj
c:\users\simon\onedrive\desktop\coffee-doom\coffeedoom\coffeedoom\debug\p_pspr.obj
c:\users\simon\onedrive\desktop\coffee-doom\coffeedoom\coffeedoom\debug\p_plats.obj
c:\users\simon\onedrive\desktop\coffee-doom\coffeedoom\coffeedoom\debug\p_mobj.obj
c:\users\simon\onedrive\desktop\coffee-doom\coffeedoom\coffeedoom\debug\p_lights.obj
c:\users\simon\onedrive\desktop\coffee-doom\coffeedoom\coffeedoom\debug\p_inter.obj
c:\users\simon\onedrive\desktop\coffee-doom\coffeedoom\coffeedoom\debug\p_floor.obj
c:\users\simon\onedrive\desktop\coffee-doom\coffeedoom\coffeedoom\debug\p_enemy.obj
c:\users\simon\onedrive\desktop\coffee-doom\coffeedoom\coffeedoom\debug\p_doors.obj
c:\users\simon\onedrive\desktop\coffee-doom\coffeedoom\coffeedoom\debug\p_ceilng.obj
c:\users\simon\onedrive\desktop\coffee-doom\coffeedoom\coffeedoom\debug\m_swap.obj
c:\users\simon\onedrive\desktop\coffee-doom\coffeedoom\coffeedoom\debug\m_random.obj
c:\users\simon\onedrive\desktop\coffee-doom\coffeedoom\coffeedoom\debug\m_fixed.obj
c:\users\simon\onedrive\desktop\coffee-doom\coffeedoom\coffeedoom\debug\m_cheat.obj
c:\users\simon\onedrive\desktop\coffee-doom\coffeedoom\coffeedoom\debug\wi_stuff.obj
c:\users\simon\onedrive\desktop\coffee-doom\coffeedoom\coffeedoom\debug\tables.obj
c:\users\simon\onedrive\desktop\coffee-doom\coffeedoom\coffeedoom\debug\st_stuff.obj
c:\users\simon\onedrive\desktop\coffee-doom\coffeedoom\coffeedoom\debug\st_lib.obj
c:\users\simon\onedrive\desktop\coffee-doom\coffeedoom\coffeedoom\debug\sounds.obj
c:\users\simon\onedrive\desktop\coffee-doom\coffeedoom\coffeedoom\debug\r_sky.obj
c:\users\simon\onedrive\desktop\coffee-doom\coffeedoom\coffeedoom\debug\r_plane.obj
c:\users\simon\onedrive\desktop\coffee-doom\coffeedoom\coffeedoom\debug\r_draw.obj
c:\users\simon\onedrive\desktop\coffee-doom\coffeedoom\coffeedoom\debug\r_data.obj
c:\users\simon\onedrive\desktop\coffee-doom\coffeedoom\coffeedoom\debug\p_user.obj
c:\users\simon\onedrive\desktop\coffee-doom\coffeedoom\coffeedoom\debug\p_tick.obj
c:\users\simon\onedrive\desktop\coffee-doom\coffeedoom\coffeedoom\debug\p_telept.obj
c:\users\simon\onedrive\desktop\coffee-doom\coffeedoom\coffeedoom\debug\p_switch.obj
c:\users\simon\onedrive\desktop\coffee-doom\coffeedoom\coffeedoom\debug\p_spec.obj
c:\users\simon\onedrive\desktop\coffee-doom\coffeedoom\coffeedoom\debug\z_zone.obj
c:\users\simon\onedrive\desktop\coffee-doom\coffeedoom\coffeedoom\debug\coffeedoom.tlog\cl.command.1.tlog
c:\users\simon\onedrive\desktop\coffee-doom\coffeedoom\coffeedoom\debug\coffeedoom.tlog\cl.read.1.tlog
c:\users\simon\onedrive\desktop\coffee-doom\coffeedoom\coffeedoom\debug\coffeedoom.tlog\cl.write.1.tlog
